
/home/runner/work/exp-double-spending-problem-blockchain-au/exp-double-spending-problem-blockchain-au/experiment/simulation/js/index-4d3f8d36.js
     58:7   warning  'global' is not defined                                                    no-undef
    149:32  warning  Do not access Object.prototype method 'hasOwnProperty' from target object  no-prototype-builtins
    361:14  warning  Do not access Object.prototype method 'hasOwnProperty' from target object  no-prototype-builtins
    551:38  warning  'setImmediate' is not defined                                              no-undef
    813:5   warning  Unexpected combined character in character class                           no-misleading-character-class
    911:12  warning  Unnecessary escape character: \-                                           no-useless-escape
    955:16  warning  Do not access Object.prototype method 'hasOwnProperty' from target object  no-prototype-builtins
   1090:11  warning  Expected a conditional expression and instead saw an assignment            no-cond-assign
   1156:17  warning  Empty block statement                                                      no-empty
   1240:9   warning  Do not access Object.prototype method 'hasOwnProperty' from target object  no-prototype-builtins
   1336:6   warning  Do not access Object.prototype method 'hasOwnProperty' from target object  no-prototype-builtins
   1338:10  warning  Do not access Object.prototype method 'hasOwnProperty' from target object  no-prototype-builtins
   1344:10  warning  Do not access Object.prototype method 'hasOwnProperty' from target object  no-prototype-builtins
   1344:40  warning  Do not access Object.prototype method 'hasOwnProperty' from target object  no-prototype-builtins
   1374:16  warning  Do not access Object.prototype method 'hasOwnProperty' from target object  no-prototype-builtins
   1448:34  warning  'MSApp' is not defined                                                     no-undef
   1450:11  warning  'MSApp' is not defined                                                     no-undef
   1537:11  warning  Do not access Object.prototype method 'hasOwnProperty' from target object  no-prototype-builtins
   1544:12  warning  Do not access Object.prototype method 'hasOwnProperty' from target object  no-prototype-builtins
   1685:7   warning  Expected to return a value in method 'get'                                 getter-return
   1694:25  warning  'rt' is defined but never used                                             no-unused-vars
   1694:29  warning  'it' is defined but never used                                             no-unused-vars
   1694:33  warning  'st' is defined but never used                                             no-unused-vars
   1694:37  warning  'ot' is defined but never used                                             no-unused-vars
   1694:41  warning  'at' is defined but never used                                             no-unused-vars
   1694:45  warning  'lt' is defined but never used                                             no-unused-vars
   1711:13  warning  'tt' is defined but never used                                             no-unused-vars
   1711:17  warning  'et' is defined but never used                                             no-unused-vars
   1711:21  warning  'nt' is defined but never used                                             no-unused-vars
   1711:25  warning  'rt' is defined but never used                                             no-unused-vars
   1711:29  warning  'it' is defined but never used                                             no-unused-vars
   1711:33  warning  'st' is defined but never used                                             no-unused-vars
   1711:37  warning  'ot' is defined but never used                                             no-unused-vars
   1711:41  warning  'at' is defined but never used                                             no-unused-vars
   1711:45  warning  'lt' is defined but never used                                             no-unused-vars
   1714:13  warning  'tt' is defined but never used                                             no-unused-vars
   1714:17  warning  'et' is defined but never used                                             no-unused-vars
   1714:21  warning  'nt' is defined but never used                                             no-unused-vars
   1714:25  warning  'rt' is defined but never used                                             no-unused-vars
   1714:29  warning  'it' is defined but never used                                             no-unused-vars
   1714:33  warning  'st' is defined but never used                                             no-unused-vars
   1714:37  warning  'ot' is defined but never used                                             no-unused-vars
   1714:41  warning  'at' is defined but never used                                             no-unused-vars
   1714:45  warning  'lt' is defined but never used                                             no-unused-vars
   1836:13  warning  Empty block statement                                                      no-empty
   2374:10  warning  Do not access Object.prototype method 'hasOwnProperty' from target object  no-prototype-builtins
   2396:40  warning  Invalid typeof comparison value                                            valid-typeof
   2404:41  warning  Invalid typeof comparison value                                            valid-typeof
   2541:8   warning  Expected a conditional expression and instead saw an assignment            no-cond-assign
   2988:12  warning  Do not access Object.prototype method 'hasOwnProperty' from target object  no-prototype-builtins
   3174:11  warning  Expected a 'break' statement before 'case'                                 no-fallthrough
   3190:11  warning  Expected a 'break' statement before 'case'                                 no-fallthrough
   3284:18  warning  Expected a conditional expression and instead saw an assignment            no-cond-assign
   3384:9   warning  Expected a 'break' statement before 'case'                                 no-fallthrough
   3476:8   warning  Unexpected control character(s) in regular expression: \x00                no-control-regex
   4097:13  warning  Expected a 'break' statement before 'case'                                 no-fallthrough
   4134:14  warning  Unexpected constant condition                                              no-constant-condition
   4172:13  warning  Expected a conditional expression and instead saw an assignment            no-cond-assign
   4225:16  warning  Expected a conditional expression and instead saw an assignment            no-cond-assign
   4663:13  warning  Expected a conditional expression and instead saw an assignment            no-cond-assign
   5121:15  warning  Empty block statement                                                      no-empty
   5122:17  warning  Empty block statement                                                      no-empty
   5578:12  warning  Expected a conditional expression and instead saw an assignment            no-cond-assign
   5625:10  warning  Expected a conditional expression and instead saw an assignment            no-cond-assign
   6102:15  warning  Do not access Object.prototype method 'hasOwnProperty' from target object  no-prototype-builtins
   6102:40  warning  Do not access Object.prototype method 'hasOwnProperty' from target object  no-prototype-builtins
   6106:16  warning  Do not access Object.prototype method 'hasOwnProperty' from target object  no-prototype-builtins
   6113:17  warning  Do not access Object.prototype method 'hasOwnProperty' from target object  no-prototype-builtins
   6120:12  warning  Do not access Object.prototype method 'hasOwnProperty' from target object  no-prototype-builtins
   6125:19  warning  Do not access Object.prototype method 'hasOwnProperty' from target object  no-prototype-builtins
   6126:27  warning  Do not access Object.prototype method 'hasOwnProperty' from target object  no-prototype-builtins
   6129:18  warning  Do not access Object.prototype method 'hasOwnProperty' from target object  no-prototype-builtins
   6143:19  warning  Do not access Object.prototype method 'hasOwnProperty' from target object  no-prototype-builtins
   6283:20  warning  Do not access Object.prototype method 'hasOwnProperty' from target object  no-prototype-builtins
   6296:22  warning  Do not access Object.prototype method 'hasOwnProperty' from target object  no-prototype-builtins
   6381:22  warning  Do not access Object.prototype method 'hasOwnProperty' from target object  no-prototype-builtins
   6394:25  warning  Do not access Object.prototype method 'hasOwnProperty' from target object  no-prototype-builtins
   6935:13  warning  Empty block statement                                                      no-empty
   6939:5   warning  Expected a 'break' statement before 'case'                                 no-fallthrough
   7259:42  warning  Do not access Object.prototype method 'hasOwnProperty' from target object  no-prototype-builtins
   7340:17  warning  'et' is defined but never used                                             no-unused-vars
   7340:21  warning  'nt' is defined but never used                                             no-unused-vars
   7343:17  warning  'et' is defined but never used                                             no-unused-vars
   7343:21  warning  'nt' is defined but never used                                             no-unused-vars
   7660:12  warning  Unexpected constant condition                                              no-constant-condition
   8014:12  warning  Unexpected constant condition                                              no-constant-condition
   8036:10  warning  Unexpected constant condition                                              no-constant-condition
   8268:19  warning  Empty block statement                                                      no-empty
   9118:1   warning  'Gb' is a function                                                         no-func-assign
   9119:1   warning  'Hb' is a function                                                         no-func-assign
   9154:12  warning  '__REACT_DEVTOOLS_GLOBAL_HOOK__' is not defined                            no-undef
   9158:13  warning  Empty block statement                                                      no-empty
   9256:14  warning  '__REACT_DEVTOOLS_GLOBAL_HOOK__' is not defined                            no-undef
   9260:7   warning  '__REACT_DEVTOOLS_GLOBAL_HOOK__' is not defined                            no-undef
   9272:7   warning  'App$1' is assigned a value but never used                                 no-unused-vars
  15224:27  warning  Unnecessary escape character: \)                                           no-useless-escape
  15248:25  warning  Unnecessary escape character: \%                                           no-useless-escape
  15248:39  warning  Unnecessary escape character: \%                                           no-useless-escape
  15248:53  warning  Unnecessary escape character: \%                                           no-useless-escape
  15266:49  warning  Unnecessary escape character: \%                                           no-useless-escape
  15266:69  warning  Unnecessary escape character: \%                                           no-useless-escape
  15283:24  warning  Unnecessary escape character: \#                                           no-useless-escape
  23300:13  warning  'mt' is assigned a value but never used                                    no-unused-vars
  26652:11  warning  Empty block statement                                                      no-empty
  28713:23  warning  'XRWebGLLayer' is not defined                                              no-undef
  28738:23  warning  'XRWebGLBinding' is not defined                                            no-undef
  30596:9   warning  '__THREE_DEVTOOLS__' is not defined                                        no-undef
  30714:9   warning  '__THREE_DEVTOOLS__' is not defined                                        no-undef
  37733:44  warning  Unnecessary escape character: \/                                           no-useless-escape
  38327:9   warning  Unexpected lexical declaration in case block                               no-case-declarations
  39196:27  warning  Unnecessary escape character: \/                                           no-useless-escape
  41586:3   warning  '__THREE_DEVTOOLS__' is not defined                                        no-undef
  42203:38  warning  'setImmediate' is not defined                                              no-undef
  42516:19  warning  Empty block statement                                                      no-empty
  42838:13  warning  Expected a conditional expression and instead saw an assignment            no-cond-assign
  43120:15  warning  Empty block statement                                                      no-empty
  43393:15  warning  Expected a 'break' statement before 'case'                                 no-fallthrough
  43430:16  warning  Unexpected constant condition                                              no-constant-condition
  43468:15  warning  Expected a conditional expression and instead saw an assignment            no-cond-assign
  43524:18  warning  Expected a conditional expression and instead saw an assignment            no-cond-assign
  44548:17  warning  Empty block statement                                                      no-empty
  44549:19  warning  Empty block statement                                                      no-empty
  45482:14  warning  Expected a conditional expression and instead saw an assignment            no-cond-assign
  45529:12  warning  Expected a conditional expression and instead saw an assignment            no-cond-assign
  46139:15  warning  Empty block statement                                                      no-empty
  46558:19  warning  'gt' is defined but never used                                             no-unused-vars
  46558:23  warning  'bt' is defined but never used                                             no-unused-vars
  46561:19  warning  'gt' is defined but never used                                             no-unused-vars
  46561:23  warning  'bt' is defined but never used                                             no-unused-vars
  47000:14  warning  Unexpected constant condition                                              no-constant-condition
  47349:14  warning  Unexpected constant condition                                              no-constant-condition
  47371:12  warning  Unexpected constant condition                                              no-constant-condition
  47598:21  warning  Empty block statement                                                      no-empty
  48507:18  warning  '__REACT_DEVTOOLS_GLOBAL_HOOK__' is not defined                            no-undef
  48512:19  warning  Empty block statement                                                      no-empty
  48735:23  warning  Empty block statement                                                      no-empty
  48810:44  warning  'pt' is assigned a value but never used                                    no-unused-vars
  48811:40  warning  'At' is assigned a value but never used                                    no-unused-vars
  48822:23  warning  'ft' is defined but never used                                             no-unused-vars
  48822:27  warning  'ht' is defined but never used                                             no-unused-vars
  48822:31  warning  'mt' is defined but never used                                             no-unused-vars
  48878:28  warning  Do not access Object.prototype method 'hasOwnProperty' from target object  no-prototype-builtins
  49036:15  warning  'et' is defined but never used                                             no-unused-vars
  49036:24  warning  'nt' is defined but never used                                             no-unused-vars
  49036:33  warning  'rt' is defined but never used                                             no-unused-vars
  49037:15  warning  'st' is assigned a value but never used                                    no-unused-vars
  49037:24  warning  'ot' is assigned a value but never used                                    no-unused-vars
  49037:33  warning  'at' is assigned a value but never used                                    no-unused-vars
  49047:10  warning  Do not access Object.prototype method 'hasOwnProperty' from target object  no-prototype-builtins
  50078:21  warning  Empty block statement                                                      no-empty
  50090:6   warning  '_extends' is a function                                                   no-func-assign
  50302:16  warning  'nt' is already defined                                                    no-redeclare
  50435:21  warning  'it' is defined but never used                                             no-unused-vars
  51848:11  warning  'et' is defined but never used                                             no-unused-vars
  51848:15  warning  'nt' is defined but never used                                             no-unused-vars
  51849:10  warning  'et' is defined but never used                                             no-unused-vars
  51849:14  warning  'nt' is defined but never used                                             no-unused-vars
  51849:18  warning  'rt' is defined but never used                                             no-unused-vars
  51849:22  warning  'it' is defined but never used                                             no-unused-vars
  51849:26  warning  'st' is defined but never used                                             no-unused-vars
  53740:21  warning  Unnecessary escape character: \:                                           no-useless-escape
  53742:57  warning  Unnecessary escape character: \:                                           no-useless-escape
  55058:15  warning  'DracoDecoderModule' is not defined                                        no-undef
  55062:9   warning  Unexpected lexical declaration in case block                               no-case-declarations
  56298:7   warning  'importScripts' is not defined                                             no-undef
  56739:13  warning  'bn' is assigned a value but never used                                    no-unused-vars
  56740:11  warning  'Bn' is assigned a value but never used                                    no-unused-vars
  56741:11  warning  'gn' is assigned a value but never used                                    no-unused-vars
  56742:11  warning  'jt' is assigned a value but never used                                    no-unused-vars
  56743:11  warning  'yn' is assigned a value but never used                                    no-unused-vars
  56744:11  warning  'pn' is assigned a value but never used                                    no-unused-vars
  57039:42  warning  'Ln' is defined but never used                                             no-unused-vars
  57201:18  warning  Do not access Object.prototype method 'hasOwnProperty' from target object  no-prototype-builtins
  58105:7   warning  Unexpected combined character in character class                           no-misleading-character-class
  58158:21  warning  'At' is assigned a value but never used                                    no-unused-vars
  58331:30  warning  'zn' is defined but never used                                             no-unused-vars
  58415:32  warning  Do not access Object.prototype method 'hasOwnProperty' from target object  no-prototype-builtins
  58542:20  warning  'Ct' is defined but never used                                             no-unused-vars
  59139:50  warning  'ot' is defined but never used                                             no-unused-vars
  59921:44  warning  'ot' is defined but never used                                             no-unused-vars
  59963:44  warning  'ot' is defined but never used                                             no-unused-vars
  60034:46  warning  'ot' is defined but never used                                             no-unused-vars
  60034:50  warning  'at' is defined but never used                                             no-unused-vars
  60089:44  warning  'ot' is defined but never used                                             no-unused-vars
  60128:44  warning  'ot' is defined but never used                                             no-unused-vars
  60204:20  warning  'Bt' is already defined                                                    no-redeclare
  60207:20  warning  'Bt' is already defined                                                    no-redeclare
  60210:20  warning  'Bt' is already defined                                                    no-redeclare
  60211:20  warning  'Bt' is already defined                                                    no-redeclare
  60223:47  warning  'ot' is defined but never used                                             no-unused-vars
  60342:44  warning  'ot' is defined but never used                                             no-unused-vars
  61051:12  warning  Unexpected comma in middle of array                                        no-sparse-arrays
  61223:13  warning  Empty block statement                                                      no-empty
  61439:29  warning  'zt' is defined but never used                                             no-unused-vars
  61530:26  warning  Do not access Object.prototype method 'hasOwnProperty' from target object  no-prototype-builtins
  61696:25  warning  Do not access Object.prototype method 'hasOwnProperty' from target object  no-prototype-builtins
  62243:38  warning  'ot' is defined but never used                                             no-unused-vars
  62246:28  warning  Do not access Object.prototype method 'hasOwnProperty' from target object  no-prototype-builtins
  62250:37  warning  'ot' is defined but never used                                             no-unused-vars
  62382:21  warning  Do not access Object.prototype method 'hasOwnProperty' from target object  no-prototype-builtins
  62640:27  warning  Setter cannot return a value                                               no-setter-return
  62767:13  warning  Expected method 'get' to always return a value                             getter-return
  63144:20  warning  'at' is assigned a value but never used                                    no-unused-vars
  63151:20  warning  'ht' is assigned a value but never used                                    no-unused-vars
  63395:17  warning  Empty block statement                                                      no-empty
  63764:9   warning  'nt' is defined but never used                                             no-unused-vars
  63765:10  warning  'rt' is assigned a value but never used                                    no-unused-vars
  63845:11  warning  Empty block statement                                                      no-empty
  64040:19  warning  Empty block statement                                                      no-empty
  64078:11  warning  Expected a conditional expression and instead saw an assignment            no-cond-assign
  64286:7   warning  Expected a 'break' statement before 'case'                                 no-fallthrough
  64312:7   warning  Expected a 'break' statement before 'case'                                 no-fallthrough
  64319:11  warning  Expected a 'break' statement before 'case'                                 no-fallthrough
  64332:11  warning  Expected a 'break' statement before 'default'                              no-fallthrough
  64395:7   warning  Expected a 'break' statement before 'default'                              no-fallthrough
  64462:5   warning  Expected a 'break' statement before 'case'                                 no-fallthrough
  64517:9   warning  Expected a 'break' statement before 'default'                              no-fallthrough
  64697:11  warning  Expected a 'break' statement before 'case'                                 no-fallthrough
  64717:5   warning  Expected a 'break' statement before 'case'                                 no-fallthrough
  64909:5   warning  Expected a 'break' statement before 'case'                                 no-fallthrough
  64911:5   warning  Expected a 'break' statement before 'case'                                 no-fallthrough
  64998:3   warning  'noComponentSelectorMessage' is assigned a value but never used            no-unused-vars
  65422:30  warning  Do not access Object.prototype method 'hasOwnProperty' from target object  no-prototype-builtins
  65685:38  warning  'rt' is defined but never used                                             no-unused-vars
  66808:9   warning  Do not access Object.prototype method 'hasOwnProperty' from target object  no-prototype-builtins
  66880:13  warning  Do not access Object.prototype method 'hasOwnProperty' from target object  no-prototype-builtins
  67716:15  warning  Do not access Object.prototype method 'hasOwnProperty' from target object  no-prototype-builtins
  67791:26  warning  Do not access Object.prototype method 'hasOwnProperty' from target object  no-prototype-builtins
  68076:6   warning  '_typeof' is a function                                                    no-func-assign
  68517:13  warning  'nt' is already defined                                                    no-redeclare
  68802:17  warning  'pt' is already defined                                                    no-redeclare
  68980:34  warning  Unexpected comma in middle of array                                        no-sparse-arrays
  68989:17  warning  Expected a 'break' statement before 'case'                                 no-fallthrough
  69107:5   warning  'promise' is defined but never used                                        no-unused-vars
  69110:58  warning  'global' is not defined                                                    no-undef
  69176:26  warning  'et' is defined but never used                                             no-unused-vars
  69217:35  warning  'et' is defined but never used                                             no-unused-vars
  69220:28  warning  'et' is defined but never used                                             no-unused-vars
  69226:39  warning  'et' is defined but never used                                             no-unused-vars
  69297:5   warning  'returnAmount' is assigned a value but never used                          no-unused-vars
  69305:5   warning  'resetAnimation' is assigned a value but never used                        no-unused-vars
  69306:5   warning  'updateTranscationError' is assigned a value but never used                no-unused-vars
  69310:5   warning  'updateStopAnimation' is assigned a value but never used                   no-unused-vars
  69311:5   warning  'onEnableAlerts' is assigned a value but never used                        no-unused-vars
  69312:5   warning  'UpdateMoneySendToReciver' is assigned a value but never used              no-unused-vars
  69313:5   warning  'updateIsCancel' is assigned a value but never used                        no-unused-vars
  69371:35  warning  Unexpected comma in middle of array                                        no-sparse-arrays
  69440:20  warning  'cubeD' is not defined                                                     no-undef
  70131:18  warning  'ut' is assigned a value but never used                                    no-unused-vars
  70756:6   warning  '_setPrototypeOf' is a function                                            no-func-assign
  72853:23  warning  Do not access Object.prototype method 'hasOwnProperty' from target object  no-prototype-builtins
  73121:15  warning  Do not access Object.prototype method 'hasOwnProperty' from target object  no-prototype-builtins
  73122:13  warning  Do not access Object.prototype method 'hasOwnProperty' from target object  no-prototype-builtins
  73136:13  warning  'Mt' is assigned to itself                                                 no-self-assign
  76640:23  warning  'ot' is assigned a value but never used                                    no-unused-vars
  76772:21  warning  'tt' is assigned a value but never used                                    no-unused-vars
  76773:15  warning  'et' is assigned a value but never used                                    no-unused-vars
  76973:16  warning  '_typeof$6' is a function                                                  no-func-assign
  76976:16  warning  '_typeof$6' is a function                                                  no-func-assign
  77238:16  warning  '_typeof$5' is a function                                                  no-func-assign
  77241:16  warning  '_typeof$5' is a function                                                  no-func-assign
  77615:33  warning  Empty block statement                                                      no-empty
  77996:16  warning  '_typeof$4' is a function                                                  no-func-assign
  77999:16  warning  '_typeof$4' is a function                                                  no-func-assign
  78554:19  warning  Empty block statement                                                      no-empty
  81104:16  warning  '_typeof$3' is a function                                                  no-func-assign
  81107:16  warning  '_typeof$3' is a function                                                  no-func-assign
  81213:38  warning  Unnecessary escape character: \?                                           no-useless-escape
  81220:20  warning  Empty block statement                                                      no-empty
  86096:29  warning  'at' is defined but never used                                             no-unused-vars
  90460:16  warning  '_typeof$2' is a function                                                  no-func-assign
  90463:16  warning  '_typeof$2' is a function                                                  no-func-assign
  90484:11  warning  'ft' is defined but never used                                             no-unused-vars
  90558:23  warning  Empty block statement                                                      no-empty
  90589:16  warning  '_typeof$1' is a function                                                  no-func-assign
  90592:16  warning  '_typeof$1' is a function                                                  no-func-assign
  92352:16  warning  '_typeof' is a function                                                    no-func-assign
  92355:16  warning  '_typeof' is a function                                                    no-func-assign
  93668:22  warning  'rt' is assigned a value but never used                                    no-unused-vars
  93751:33  warning  'tt' is defined but never used                                             no-unused-vars
  94038:17  warning  Expected a 'break' statement before 'case'                                 no-fallthrough
  94040:17  warning  Expected a 'break' statement before 'case'                                 no-fallthrough
  94082:21  warning  Expected a 'break' statement before 'case'                                 no-fallthrough
  94135:17  warning  Expected a 'break' statement before 'default'                              no-fallthrough
  94161:9   warning  Expected a 'break' statement before 'default'                              no-fallthrough
  94194:19  warning  Expected a 'break' statement before 'case'                                 no-fallthrough
  94341:7   warning  Expected a 'break' statement before 'case'                                 no-fallthrough
  94416:7   warning  Expected a 'break' statement before 'case'                                 no-fallthrough
  94426:11  warning  Expected a 'break' statement before 'case'                                 no-fallthrough
  94466:7   warning  Expected a 'break' statement before 'case'                                 no-fallthrough
  94589:26  warning  Unnecessary escape character: \-                                           no-useless-escape
  94651:11  warning  'y' is a function                                                          no-func-assign
  94689:7   warning  'process' is not defined                                                   no-undef
  94694:7   warning  'SC_DISABLE_SPEEDY' is not defined                                         no-undef
  94696:7   warning  'process' is not defined                                                   no-undef
  94821:45  warning  '__webpack_nonce__' is not defined                                         no-undef
  94901:17  warning  'nt' is defined but never used                                             no-unused-vars
  95139:19  warning  Empty block statement                                                      no-empty
  95285:14  warning  Do not access Object.prototype method 'hasOwnProperty' from target object  no-prototype-builtins
  95446:39  warning  'ln' is defined but never used                                             no-unused-vars
  96620:22  warning  'tt' is assigned a value but never used                                    no-unused-vars
  96621:22  warning  'et' is assigned a value but never used                                    no-unused-vars
  96622:25  warning  'nt' is assigned a value but never used                                    no-unused-vars
  96642:8   warning  'yt' is assigned a value but never used                                    no-unused-vars
  97394:7   warning  'index' is assigned a value but never used                                 no-unused-vars

/home/runner/work/exp-double-spending-problem-blockchain-au/exp-double-spending-problem-blockchain-au/experiment/simulation/js/index-54cd00f7.js
     58:7   warning  'global' is not defined                                                    no-undef
    149:32  warning  Do not access Object.prototype method 'hasOwnProperty' from target object  no-prototype-builtins
    361:14  warning  Do not access Object.prototype method 'hasOwnProperty' from target object  no-prototype-builtins
    551:38  warning  'setImmediate' is not defined                                              no-undef
    813:5   warning  Unexpected combined character in character class                           no-misleading-character-class
    911:12  warning  Unnecessary escape character: \-                                           no-useless-escape
    955:16  warning  Do not access Object.prototype method 'hasOwnProperty' from target object  no-prototype-builtins
   1090:11  warning  Expected a conditional expression and instead saw an assignment            no-cond-assign
   1156:17  warning  Empty block statement                                                      no-empty
   1240:9   warning  Do not access Object.prototype method 'hasOwnProperty' from target object  no-prototype-builtins
   1336:6   warning  Do not access Object.prototype method 'hasOwnProperty' from target object  no-prototype-builtins
   1338:10  warning  Do not access Object.prototype method 'hasOwnProperty' from target object  no-prototype-builtins
   1344:10  warning  Do not access Object.prototype method 'hasOwnProperty' from target object  no-prototype-builtins
   1344:40  warning  Do not access Object.prototype method 'hasOwnProperty' from target object  no-prototype-builtins
   1374:16  warning  Do not access Object.prototype method 'hasOwnProperty' from target object  no-prototype-builtins
   1448:34  warning  'MSApp' is not defined                                                     no-undef
   1450:11  warning  'MSApp' is not defined                                                     no-undef
   1537:11  warning  Do not access Object.prototype method 'hasOwnProperty' from target object  no-prototype-builtins
   1544:12  warning  Do not access Object.prototype method 'hasOwnProperty' from target object  no-prototype-builtins
   1685:7   warning  Expected to return a value in method 'get'                                 getter-return
   1694:25  warning  'rt' is defined but never used                                             no-unused-vars
   1694:29  warning  'it' is defined but never used                                             no-unused-vars
   1694:33  warning  'st' is defined but never used                                             no-unused-vars
   1694:37  warning  'ot' is defined but never used                                             no-unused-vars
   1694:41  warning  'at' is defined but never used                                             no-unused-vars
   1694:45  warning  'lt' is defined but never used                                             no-unused-vars
   1711:13  warning  'tt' is defined but never used                                             no-unused-vars
   1711:17  warning  'et' is defined but never used                                             no-unused-vars
   1711:21  warning  'nt' is defined but never used                                             no-unused-vars
   1711:25  warning  'rt' is defined but never used                                             no-unused-vars
   1711:29  warning  'it' is defined but never used                                             no-unused-vars
   1711:33  warning  'st' is defined but never used                                             no-unused-vars
   1711:37  warning  'ot' is defined but never used                                             no-unused-vars
   1711:41  warning  'at' is defined but never used                                             no-unused-vars
   1711:45  warning  'lt' is defined but never used                                             no-unused-vars
   1714:13  warning  'tt' is defined but never used                                             no-unused-vars
   1714:17  warning  'et' is defined but never used                                             no-unused-vars
   1714:21  warning  'nt' is defined but never used                                             no-unused-vars
   1714:25  warning  'rt' is defined but never used                                             no-unused-vars
   1714:29  warning  'it' is defined but never used                                             no-unused-vars
   1714:33  warning  'st' is defined but never used                                             no-unused-vars
   1714:37  warning  'ot' is defined but never used                                             no-unused-vars
   1714:41  warning  'at' is defined but never used                                             no-unused-vars
   1714:45  warning  'lt' is defined but never used                                             no-unused-vars
   1836:13  warning  Empty block statement                                                      no-empty
   2374:10  warning  Do not access Object.prototype method 'hasOwnProperty' from target object  no-prototype-builtins
   2396:40  warning  Invalid typeof comparison value                                            valid-typeof
   2404:41  warning  Invalid typeof comparison value                                            valid-typeof
   2541:8   warning  Expected a conditional expression and instead saw an assignment            no-cond-assign
   2988:12  warning  Do not access Object.prototype method 'hasOwnProperty' from target object  no-prototype-builtins
   3174:11  warning  Expected a 'break' statement before 'case'                                 no-fallthrough
   3190:11  warning  Expected a 'break' statement before 'case'                                 no-fallthrough
   3284:18  warning  Expected a conditional expression and instead saw an assignment            no-cond-assign
   3384:9   warning  Expected a 'break' statement before 'case'                                 no-fallthrough
   3476:8   warning  Unexpected control character(s) in regular expression: \x00                no-control-regex
   4097:13  warning  Expected a 'break' statement before 'case'                                 no-fallthrough
   4134:14  warning  Unexpected constant condition                                              no-constant-condition
   4172:13  warning  Expected a conditional expression and instead saw an assignment            no-cond-assign
   4225:16  warning  Expected a conditional expression and instead saw an assignment            no-cond-assign
   4663:13  warning  Expected a conditional expression and instead saw an assignment            no-cond-assign
   5121:15  warning  Empty block statement                                                      no-empty
   5122:17  warning  Empty block statement                                                      no-empty
   5578:12  warning  Expected a conditional expression and instead saw an assignment            no-cond-assign
   5625:10  warning  Expected a conditional expression and instead saw an assignment            no-cond-assign
   6102:15  warning  Do not access Object.prototype method 'hasOwnProperty' from target object  no-prototype-builtins
   6102:40  warning  Do not access Object.prototype method 'hasOwnProperty' from target object  no-prototype-builtins
   6106:16  warning  Do not access Object.prototype method 'hasOwnProperty' from target object  no-prototype-builtins
   6113:17  warning  Do not access Object.prototype method 'hasOwnProperty' from target object  no-prototype-builtins
   6120:12  warning  Do not access Object.prototype method 'hasOwnProperty' from target object  no-prototype-builtins
   6125:19  warning  Do not access Object.prototype method 'hasOwnProperty' from target object  no-prototype-builtins
   6126:27  warning  Do not access Object.prototype method 'hasOwnProperty' from target object  no-prototype-builtins
   6129:18  warning  Do not access Object.prototype method 'hasOwnProperty' from target object  no-prototype-builtins
   6143:19  warning  Do not access Object.prototype method 'hasOwnProperty' from target object  no-prototype-builtins
   6283:20  warning  Do not access Object.prototype method 'hasOwnProperty' from target object  no-prototype-builtins
   6296:22  warning  Do not access Object.prototype method 'hasOwnProperty' from target object  no-prototype-builtins
   6381:22  warning  Do not access Object.prototype method 'hasOwnProperty' from target object  no-prototype-builtins
   6394:25  warning  Do not access Object.prototype method 'hasOwnProperty' from target object  no-prototype-builtins
   6935:13  warning  Empty block statement                                                      no-empty
   6939:5   warning  Expected a 'break' statement before 'case'                                 no-fallthrough
   7259:42  warning  Do not access Object.prototype method 'hasOwnProperty' from target object  no-prototype-builtins
   7340:17  warning  'et' is defined but never used                                             no-unused-vars
   7340:21  warning  'nt' is defined but never used                                             no-unused-vars
   7343:17  warning  'et' is defined but never used                                             no-unused-vars
   7343:21  warning  'nt' is defined but never used                                             no-unused-vars
   7660:12  warning  Unexpected constant condition                                              no-constant-condition
   8014:12  warning  Unexpected constant condition                                              no-constant-condition
   8036:10  warning  Unexpected constant condition                                              no-constant-condition
   8268:19  warning  Empty block statement                                                      no-empty
   9118:1   warning  'Gb' is a function                                                         no-func-assign
   9119:1   warning  'Hb' is a function                                                         no-func-assign
   9154:12  warning  '__REACT_DEVTOOLS_GLOBAL_HOOK__' is not defined                            no-undef
   9158:13  warning  Empty block statement                                                      no-empty
   9256:14  warning  '__REACT_DEVTOOLS_GLOBAL_HOOK__' is not defined                            no-undef
   9260:7   warning  '__REACT_DEVTOOLS_GLOBAL_HOOK__' is not defined                            no-undef
   9272:7   warning  'App$1' is assigned a value but never used                                 no-unused-vars
  15224:27  warning  Unnecessary escape character: \)                                           no-useless-escape
  15248:25  warning  Unnecessary escape character: \%                                           no-useless-escape
  15248:39  warning  Unnecessary escape character: \%                                           no-useless-escape
  15248:53  warning  Unnecessary escape character: \%                                           no-useless-escape
  15266:49  warning  Unnecessary escape character: \%                                           no-useless-escape
  15266:69  warning  Unnecessary escape character: \%                                           no-useless-escape
  15283:24  warning  Unnecessary escape character: \#                                           no-useless-escape
  23300:13  warning  'mt' is assigned a value but never used                                    no-unused-vars
  26652:11  warning  Empty block statement                                                      no-empty
  28713:23  warning  'XRWebGLLayer' is not defined                                              no-undef
  28738:23  warning  'XRWebGLBinding' is not defined                                            no-undef
  30596:9   warning  '__THREE_DEVTOOLS__' is not defined                                        no-undef
  30714:9   warning  '__THREE_DEVTOOLS__' is not defined                                        no-undef
  37733:44  warning  Unnecessary escape character: \/                                           no-useless-escape
  38327:9   warning  Unexpected lexical declaration in case block                               no-case-declarations
  39196:27  warning  Unnecessary escape character: \/                                           no-useless-escape
  41586:3   warning  '__THREE_DEVTOOLS__' is not defined                                        no-undef
  42203:38  warning  'setImmediate' is not defined                                              no-undef
  42516:19  warning  Empty block statement                                                      no-empty
  42838:13  warning  Expected a conditional expression and instead saw an assignment            no-cond-assign
  43120:15  warning  Empty block statement                                                      no-empty
  43393:15  warning  Expected a 'break' statement before 'case'                                 no-fallthrough
  43430:16  warning  Unexpected constant condition                                              no-constant-condition
  43468:15  warning  Expected a conditional expression and instead saw an assignment            no-cond-assign
  43524:18  warning  Expected a conditional expression and instead saw an assignment            no-cond-assign
  44548:17  warning  Empty block statement                                                      no-empty
  44549:19  warning  Empty block statement                                                      no-empty
  45482:14  warning  Expected a conditional expression and instead saw an assignment            no-cond-assign
  45529:12  warning  Expected a conditional expression and instead saw an assignment            no-cond-assign
  46139:15  warning  Empty block statement                                                      no-empty
  46558:19  warning  'gt' is defined but never used                                             no-unused-vars
  46558:23  warning  'bt' is defined but never used                                             no-unused-vars
  46561:19  warning  'gt' is defined but never used                                             no-unused-vars
  46561:23  warning  'bt' is defined but never used                                             no-unused-vars
  47000:14  warning  Unexpected constant condition                                              no-constant-condition
  47349:14  warning  Unexpected constant condition                                              no-constant-condition
  47371:12  warning  Unexpected constant condition                                              no-constant-condition
  47598:21  warning  Empty block statement                                                      no-empty
  48507:18  warning  '__REACT_DEVTOOLS_GLOBAL_HOOK__' is not defined                            no-undef
  48512:19  warning  Empty block statement                                                      no-empty
  48735:23  warning  Empty block statement                                                      no-empty
  48810:44  warning  'pt' is assigned a value but never used                                    no-unused-vars
  48811:40  warning  'At' is assigned a value but never used                                    no-unused-vars
  48822:23  warning  'ft' is defined but never used                                             no-unused-vars
  48822:27  warning  'ht' is defined but never used                                             no-unused-vars
  48822:31  warning  'mt' is defined but never used                                             no-unused-vars
  48878:28  warning  Do not access Object.prototype method 'hasOwnProperty' from target object  no-prototype-builtins
  49036:15  warning  'et' is defined but never used                                             no-unused-vars
  49036:24  warning  'nt' is defined but never used                                             no-unused-vars
  49036:33  warning  'rt' is defined but never used                                             no-unused-vars
  49037:15  warning  'st' is assigned a value but never used                                    no-unused-vars
  49037:24  warning  'ot' is assigned a value but never used                                    no-unused-vars
  49037:33  warning  'at' is assigned a value but never used                                    no-unused-vars
  49047:10  warning  Do not access Object.prototype method 'hasOwnProperty' from target object  no-prototype-builtins
  50078:21  warning  Empty block statement                                                      no-empty
  50090:6   warning  '_extends' is a function                                                   no-func-assign
  50302:16  warning  'nt' is already defined                                                    no-redeclare
  50435:21  warning  'it' is defined but never used                                             no-unused-vars
  51848:11  warning  'et' is defined but never used                                             no-unused-vars
  51848:15  warning  'nt' is defined but never used                                             no-unused-vars
  51849:10  warning  'et' is defined but never used                                             no-unused-vars
  51849:14  warning  'nt' is defined but never used                                             no-unused-vars
  51849:18  warning  'rt' is defined but never used                                             no-unused-vars
  51849:22  warning  'it' is defined but never used                                             no-unused-vars
  51849:26  warning  'st' is defined but never used                                             no-unused-vars
  53740:21  warning  Unnecessary escape character: \:                                           no-useless-escape
  53742:57  warning  Unnecessary escape character: \:                                           no-useless-escape
  55058:15  warning  'DracoDecoderModule' is not defined                                        no-undef
  55062:9   warning  Unexpected lexical declaration in case block                               no-case-declarations
  56298:7   warning  'importScripts' is not defined                                             no-undef
  56739:13  warning  'bn' is assigned a value but never used                                    no-unused-vars
  56740:11  warning  'Bn' is assigned a value but never used                                    no-unused-vars
  56741:11  warning  'gn' is assigned a value but never used                                    no-unused-vars
  56742:11  warning  'jt' is assigned a value but never used                                    no-unused-vars
  56743:11  warning  'yn' is assigned a value but never used                                    no-unused-vars
  56744:11  warning  'pn' is assigned a value but never used                                    no-unused-vars
  57039:42  warning  'Ln' is defined but never used                                             no-unused-vars
  57201:18  warning  Do not access Object.prototype method 'hasOwnProperty' from target object  no-prototype-builtins
  58105:7   warning  Unexpected combined character in character class                           no-misleading-character-class
  58158:21  warning  'At' is assigned a value but never used                                    no-unused-vars
  58331:30  warning  'zn' is defined but never used                                             no-unused-vars
  58415:32  warning  Do not access Object.prototype method 'hasOwnProperty' from target object  no-prototype-builtins
  58542:20  warning  'Ct' is defined but never used                                             no-unused-vars
  59139:50  warning  'ot' is defined but never used                                             no-unused-vars
  59921:44  warning  'ot' is defined but never used                                             no-unused-vars
  59963:44  warning  'ot' is defined but never used                                             no-unused-vars
  60034:46  warning  'ot' is defined but never used                                             no-unused-vars
  60034:50  warning  'at' is defined but never used                                             no-unused-vars
  60089:44  warning  'ot' is defined but never used                                             no-unused-vars
  60128:44  warning  'ot' is defined but never used                                             no-unused-vars
  60204:20  warning  'Bt' is already defined                                                    no-redeclare
  60207:20  warning  'Bt' is already defined                                                    no-redeclare
  60210:20  warning  'Bt' is already defined                                                    no-redeclare
  60211:20  warning  'Bt' is already defined                                                    no-redeclare
  60223:47  warning  'ot' is defined but never used                                             no-unused-vars
  60342:44  warning  'ot' is defined but never used                                             no-unused-vars
  61051:12  warning  Unexpected comma in middle of array                                        no-sparse-arrays
  61223:13  warning  Empty block statement                                                      no-empty
  61439:29  warning  'zt' is defined but never used                                             no-unused-vars
  61530:26  warning  Do not access Object.prototype method 'hasOwnProperty' from target object  no-prototype-builtins
  61696:25  warning  Do not access Object.prototype method 'hasOwnProperty' from target object  no-prototype-builtins
  62243:38  warning  'ot' is defined but never used                                             no-unused-vars
  62246:28  warning  Do not access Object.prototype method 'hasOwnProperty' from target object  no-prototype-builtins
  62250:37  warning  'ot' is defined but never used                                             no-unused-vars
  62382:21  warning  Do not access Object.prototype method 'hasOwnProperty' from target object  no-prototype-builtins
  62640:27  warning  Setter cannot return a value                                               no-setter-return
  62767:13  warning  Expected method 'get' to always return a value                             getter-return
  63144:20  warning  'at' is assigned a value but never used                                    no-unused-vars
  63151:20  warning  'ht' is assigned a value but never used                                    no-unused-vars
  63395:17  warning  Empty block statement                                                      no-empty
  63764:9   warning  'nt' is defined but never used                                             no-unused-vars
  63765:10  warning  'rt' is assigned a value but never used                                    no-unused-vars
  63845:11  warning  Empty block statement                                                      no-empty
  64040:19  warning  Empty block statement                                                      no-empty
  64078:11  warning  Expected a conditional expression and instead saw an assignment            no-cond-assign
  64286:7   warning  Expected a 'break' statement before 'case'                                 no-fallthrough
  64312:7   warning  Expected a 'break' statement before 'case'                                 no-fallthrough
  64319:11  warning  Expected a 'break' statement before 'case'                                 no-fallthrough
  64332:11  warning  Expected a 'break' statement before 'default'                              no-fallthrough
  64395:7   warning  Expected a 'break' statement before 'default'                              no-fallthrough
  64462:5   warning  Expected a 'break' statement before 'case'                                 no-fallthrough
  64517:9   warning  Expected a 'break' statement before 'default'                              no-fallthrough
  64697:11  warning  Expected a 'break' statement before 'case'                                 no-fallthrough
  64717:5   warning  Expected a 'break' statement before 'case'                                 no-fallthrough
  64909:5   warning  Expected a 'break' statement before 'case'                                 no-fallthrough
  64911:5   warning  Expected a 'break' statement before 'case'                                 no-fallthrough
  64998:3   warning  'noComponentSelectorMessage' is assigned a value but never used            no-unused-vars
  65422:30  warning  Do not access Object.prototype method 'hasOwnProperty' from target object  no-prototype-builtins
  65685:38  warning  'rt' is defined but never used                                             no-unused-vars
  66808:9   warning  Do not access Object.prototype method 'hasOwnProperty' from target object  no-prototype-builtins
  66880:13  warning  Do not access Object.prototype method 'hasOwnProperty' from target object  no-prototype-builtins
  67716:15  warning  Do not access Object.prototype method 'hasOwnProperty' from target object  no-prototype-builtins
  67791:26  warning  Do not access Object.prototype method 'hasOwnProperty' from target object  no-prototype-builtins
  68076:6   warning  '_typeof' is a function                                                    no-func-assign
  68517:13  warning  'nt' is already defined                                                    no-redeclare
  68802:17  warning  'pt' is already defined                                                    no-redeclare
  68980:34  warning  Unexpected comma in middle of array                                        no-sparse-arrays
  68989:17  warning  Expected a 'break' statement before 'case'                                 no-fallthrough
  69107:5   warning  'promise' is defined but never used                                        no-unused-vars
  69110:58  warning  'global' is not defined                                                    no-undef
  69176:26  warning  'et' is defined but never used                                             no-unused-vars
  69217:35  warning  'et' is defined but never used                                             no-unused-vars
  69220:28  warning  'et' is defined but never used                                             no-unused-vars
  69226:39  warning  'et' is defined but never used                                             no-unused-vars
  69294:5   warning  'returnAmount' is assigned a value but never used                          no-unused-vars
  69302:5   warning  'resetAnimation' is assigned a value but never used                        no-unused-vars
  69303:5   warning  'updateTranscationError' is assigned a value but never used                no-unused-vars
  69307:5   warning  'updateStopAnimation' is assigned a value but never used                   no-unused-vars
  69308:5   warning  'onEnableAlerts' is assigned a value but never used                        no-unused-vars
  69309:5   warning  'UpdateMoneySendToReciver' is assigned a value but never used              no-unused-vars
  69310:5   warning  'updateIsCancel' is assigned a value but never used                        no-unused-vars
  69367:35  warning  Unexpected comma in middle of array                                        no-sparse-arrays
  69436:20  warning  'cubeD' is not defined                                                     no-undef
  70127:18  warning  'ut' is assigned a value but never used                                    no-unused-vars
  70752:6   warning  '_setPrototypeOf' is a function                                            no-func-assign
  72849:23  warning  Do not access Object.prototype method 'hasOwnProperty' from target object  no-prototype-builtins
  73117:15  warning  Do not access Object.prototype method 'hasOwnProperty' from target object  no-prototype-builtins
  73118:13  warning  Do not access Object.prototype method 'hasOwnProperty' from target object  no-prototype-builtins
  73132:13  warning  'Mt' is assigned to itself                                                 no-self-assign
  76633:24  warning  'rt' is assigned a value but never used                                    no-unused-vars
  76636:23  warning  'ot' is assigned a value but never used                                    no-unused-vars
  76743:21  warning  'tt' is assigned a value but never used                                    no-unused-vars
  76744:15  warning  'et' is assigned a value but never used                                    no-unused-vars
  76944:16  warning  '_typeof$6' is a function                                                  no-func-assign
  76947:16  warning  '_typeof$6' is a function                                                  no-func-assign
  77209:16  warning  '_typeof$5' is a function                                                  no-func-assign
  77212:16  warning  '_typeof$5' is a function                                                  no-func-assign
  77586:33  warning  Empty block statement                                                      no-empty
  77967:16  warning  '_typeof$4' is a function                                                  no-func-assign
  77970:16  warning  '_typeof$4' is a function                                                  no-func-assign
  78525:19  warning  Empty block statement                                                      no-empty
  81075:16  warning  '_typeof$3' is a function                                                  no-func-assign
  81078:16  warning  '_typeof$3' is a function                                                  no-func-assign
  81184:38  warning  Unnecessary escape character: \?                                           no-useless-escape
  81191:20  warning  Empty block statement                                                      no-empty
  86067:29  warning  'at' is defined but never used                                             no-unused-vars
  90431:16  warning  '_typeof$2' is a function                                                  no-func-assign
  90434:16  warning  '_typeof$2' is a function                                                  no-func-assign
  90455:11  warning  'ft' is defined but never used                                             no-unused-vars
  90529:23  warning  Empty block statement                                                      no-empty
  90560:16  warning  '_typeof$1' is a function                                                  no-func-assign
  90563:16  warning  '_typeof$1' is a function                                                  no-func-assign
  92323:16  warning  '_typeof' is a function                                                    no-func-assign
  92326:16  warning  '_typeof' is a function                                                    no-func-assign
  93719:33  warning  'tt' is defined but never used                                             no-unused-vars
  93997:17  warning  Expected a 'break' statement before 'case'                                 no-fallthrough
  93999:17  warning  Expected a 'break' statement before 'case'                                 no-fallthrough
  94041:21  warning  Expected a 'break' statement before 'case'                                 no-fallthrough
  94094:17  warning  Expected a 'break' statement before 'default'                              no-fallthrough
  94120:9   warning  Expected a 'break' statement before 'default'                              no-fallthrough
  94153:19  warning  Expected a 'break' statement before 'case'                                 no-fallthrough
  94300:7   warning  Expected a 'break' statement before 'case'                                 no-fallthrough
  94375:7   warning  Expected a 'break' statement before 'case'                                 no-fallthrough
  94385:11  warning  Expected a 'break' statement before 'case'                                 no-fallthrough
  94425:7   warning  Expected a 'break' statement before 'case'                                 no-fallthrough
  94548:26  warning  Unnecessary escape character: \-                                           no-useless-escape
  94610:11  warning  'y' is a function                                                          no-func-assign
  94648:7   warning  'process' is not defined                                                   no-undef
  94653:7   warning  'SC_DISABLE_SPEEDY' is not defined                                         no-undef
  94655:7   warning  'process' is not defined                                                   no-undef
  94780:45  warning  '__webpack_nonce__' is not defined                                         no-undef
  94860:17  warning  'nt' is defined but never used                                             no-unused-vars
  95098:19  warning  Empty block statement                                                      no-empty
  95244:14  warning  Do not access Object.prototype method 'hasOwnProperty' from target object  no-prototype-builtins
  95405:39  warning  'ln' is defined but never used                                             no-unused-vars
  96579:22  warning  'tt' is assigned a value but never used                                    no-unused-vars
  96580:22  warning  'et' is assigned a value but never used                                    no-unused-vars
  96581:25  warning  'nt' is assigned a value but never used                                    no-unused-vars
  96601:8   warning  'yt' is assigned a value but never used                                    no-unused-vars
  97353:7   warning  'index' is assigned a value but never used                                 no-unused-vars

✖ 610 problems (0 errors, 610 warnings)

